CRITICAL - 2023-10-11 04:47:00 --> Invalid file: "tutorial.php"
in SYSTEMPATH/Exceptions/FrameworkException.php on line 33.
 1 SYSTEMPATH/View/View.php(201): CodeIgniter\Exceptions\FrameworkException::forInvalidFile()
 2 SYSTEMPATH/Common.php(1184): CodeIgniter\View\View->render()
 3 APPPATH/Controllers/IndexController.php(37): view()
 4 SYSTEMPATH/CodeIgniter.php(934): App\Controllers\IndexController->tutorial()
 5 SYSTEMPATH/CodeIgniter.php(499): CodeIgniter\CodeIgniter->runController()
 6 SYSTEMPATH/CodeIgniter.php(368): CodeIgniter\CodeIgniter->handleRequest()
 7 FCPATH/index.php(67): CodeIgniter\CodeIgniter->run()
CRITICAL - 2023-10-11 04:49:20 --> Invalid file: "tutorial.php"
in SYSTEMPATH/Exceptions/FrameworkException.php on line 33.
 1 SYSTEMPATH/View/View.php(201): CodeIgniter\Exceptions\FrameworkException::forInvalidFile()
 2 SYSTEMPATH/Common.php(1184): CodeIgniter\View\View->render()
 3 APPPATH/Controllers/IndexController.php(37): view()
 4 SYSTEMPATH/CodeIgniter.php(934): App\Controllers\IndexController->tutorial()
 5 SYSTEMPATH/CodeIgniter.php(499): CodeIgniter\CodeIgniter->runController()
 6 SYSTEMPATH/CodeIgniter.php(368): CodeIgniter\CodeIgniter->handleRequest()
 7 FCPATH/index.php(67): CodeIgniter\CodeIgniter->run()
CRITICAL - 2023-10-11 07:24:33 --> Invalid file: "tutorial.php"
in SYSTEMPATH/Exceptions/FrameworkException.php on line 33.
 1 SYSTEMPATH/View/View.php(201): CodeIgniter\Exceptions\FrameworkException::forInvalidFile()
 2 SYSTEMPATH/Common.php(1184): CodeIgniter\View\View->render()
 3 APPPATH/Controllers/IndexController.php(37): view()
 4 SYSTEMPATH/CodeIgniter.php(934): App\Controllers\IndexController->tutorial()
 5 SYSTEMPATH/CodeIgniter.php(499): CodeIgniter\CodeIgniter->runController()
 6 SYSTEMPATH/CodeIgniter.php(368): CodeIgniter\CodeIgniter->handleRequest()
 7 FCPATH/index.php(67): CodeIgniter\CodeIgniter->run()
CRITICAL - 2023-10-11 07:26:39 --> Invalid file: "tutorial.php"
in SYSTEMPATH/Exceptions/FrameworkException.php on line 33.
 1 SYSTEMPATH/View/View.php(201): CodeIgniter\Exceptions\FrameworkException::forInvalidFile()
 2 SYSTEMPATH/Common.php(1184): CodeIgniter\View\View->render()
 3 APPPATH/Controllers/IndexController.php(37): view()
 4 SYSTEMPATH/CodeIgniter.php(934): App\Controllers\IndexController->tutorial()
 5 SYSTEMPATH/CodeIgniter.php(499): CodeIgniter\CodeIgniter->runController()
 6 SYSTEMPATH/CodeIgniter.php(368): CodeIgniter\CodeIgniter->handleRequest()
 7 FCPATH/index.php(67): CodeIgniter\CodeIgniter->run()
CRITICAL - 2023-10-11 07:26:51 --> Invalid file: "tutorial.php"
in SYSTEMPATH/Exceptions/FrameworkException.php on line 33.
 1 SYSTEMPATH/View/View.php(201): CodeIgniter\Exceptions\FrameworkException::forInvalidFile()
 2 SYSTEMPATH/Common.php(1184): CodeIgniter\View\View->render()
 3 APPPATH/Controllers/IndexController.php(37): view()
 4 SYSTEMPATH/CodeIgniter.php(934): App\Controllers\IndexController->tutorial()
 5 SYSTEMPATH/CodeIgniter.php(499): CodeIgniter\CodeIgniter->runController()
 6 SYSTEMPATH/CodeIgniter.php(368): CodeIgniter\CodeIgniter->handleRequest()
 7 FCPATH/index.php(67): CodeIgniter\CodeIgniter->run()
CRITICAL - 2023-10-11 07:29:22 --> Invalid file: "tutorial.php"
in SYSTEMPATH/Exceptions/FrameworkException.php on line 33.
 1 SYSTEMPATH/View/View.php(201): CodeIgniter\Exceptions\FrameworkException::forInvalidFile()
 2 SYSTEMPATH/Common.php(1184): CodeIgniter\View\View->render()
 3 APPPATH/Controllers/IndexController.php(37): view()
 4 SYSTEMPATH/CodeIgniter.php(934): App\Controllers\IndexController->tutorial()
 5 SYSTEMPATH/CodeIgniter.php(499): CodeIgniter\CodeIgniter->runController()
 6 SYSTEMPATH/CodeIgniter.php(368): CodeIgniter\CodeIgniter->handleRequest()
 7 FCPATH/index.php(67): CodeIgniter\CodeIgniter->run()
CRITICAL - 2023-10-11 07:29:25 --> Invalid file: "tutorial.php"
in SYSTEMPATH/Exceptions/FrameworkException.php on line 33.
 1 SYSTEMPATH/View/View.php(201): CodeIgniter\Exceptions\FrameworkException::forInvalidFile()
 2 SYSTEMPATH/Common.php(1184): CodeIgniter\View\View->render()
 3 APPPATH/Controllers/IndexController.php(37): view()
 4 SYSTEMPATH/CodeIgniter.php(934): App\Controllers\IndexController->tutorial()
 5 SYSTEMPATH/CodeIgniter.php(499): CodeIgniter\CodeIgniter->runController()
 6 SYSTEMPATH/CodeIgniter.php(368): CodeIgniter\CodeIgniter->handleRequest()
 7 FCPATH/index.php(67): CodeIgniter\CodeIgniter->run()
CRITICAL - 2023-10-11 07:29:38 --> Invalid file: "tutorial.php"
in SYSTEMPATH/Exceptions/FrameworkException.php on line 33.
 1 SYSTEMPATH/View/View.php(201): CodeIgniter\Exceptions\FrameworkException::forInvalidFile()
 2 SYSTEMPATH/Common.php(1184): CodeIgniter\View\View->render()
 3 APPPATH/Controllers/IndexController.php(37): view()
 4 SYSTEMPATH/CodeIgniter.php(934): App\Controllers\IndexController->tutorial()
 5 SYSTEMPATH/CodeIgniter.php(499): CodeIgniter\CodeIgniter->runController()
 6 SYSTEMPATH/CodeIgniter.php(368): CodeIgniter\CodeIgniter->handleRequest()
 7 FCPATH/index.php(67): CodeIgniter\CodeIgniter->run()
